[0425/182706:WARNING:dns_config_service_win.cc(674)] Failed to read DnsConfig.
[0425/203235:INFO:http_cache_transaction.cc(72)] IgnoreZeroCacheError: 0
[0425/203524:WARNING:url_request_job_manager.cc(89)] Failed to map: weixin://resourceid/blank
[0426/141912:WARNING:dns_config_service_win.cc(674)] Failed to read DnsConfig.
[0426/141912:WARNING:dns_config_service_win.cc(674)] Failed to read DnsConfig.
[0426/141912:WARNING:dns_config_service_win.cc(674)] Failed to read DnsConfig.
[0426/163232:WARNING:url_request_job_manager.cc(89)] Failed to map: weixin://resourceid/blank
[0426/165322:WARNING:url_request_job_manager.cc(89)] Failed to map: weixin://resourceid/blank
[0426/165322:WARNING:spdy_session.cc(2571)] Received RST for invalid stream3
[0426/165332:WARNING:spdy_session.cc(2571)] Received RST for invalid stream47
[0426/165332:WARNING:spdy_session.cc(2455)] Received HEADERS for invalid stream 49
[0426/165334:WARNING:spdy_session.cc(2571)] Received RST for invalid stream49
[0426/165524:WARNING:url_request_job_manager.cc(89)] Failed to map: weixin://resourceid/blank
[0426/165527:WARNING:spdy_session.cc(2571)] Received RST for invalid stream5
[0426/165527:WARNING:spdy_session.cc(2455)] Received HEADERS for invalid stream 7
[0426/165528:WARNING:spdy_session.cc(2571)] Received RST for invalid stream7
[0426/165827:WARNING:url_request_job_manager.cc(89)] Failed to map: weixin://resourceid/blank
[0426/171944:WARNING:url_request_job_manager.cc(89)] Failed to map: weixin://resourceid/blank
[0426/190045:WARNING:url_request_job_manager.cc(89)] Failed to map: weixin://resourceid/blank
[0426/193754:WARNING:dns_config_service_win.cc(674)] Failed to read DnsConfig.
[0426/193759:WARNING:dns_config_service_win.cc(674)] Failed to read DnsConfig.
[0426/193804:WARNING:dns_config_service_win.cc(674)] Failed to read DnsConfig.
[0426/193809:WARNING:dns_config_service_win.cc(674)] Failed to read DnsConfig.
[0426/194325:WARNING:dns_config_service_win.cc(674)] Failed to read DnsConfig.
[0426/194330:WARNING:dns_config_service_win.cc(674)] Failed to read DnsConfig.
[0426/194335:WARNING:dns_config_service_win.cc(674)] Failed to read DnsConfig.
[0426/194340:WARNING:dns_config_service_win.cc(674)] Failed to read DnsConfig.
[0426/194345:WARNING:dns_config_service_win.cc(674)] Failed to read DnsConfig.
[0426/194350:WARNING:dns_config_service_win.cc(674)] Failed to read DnsConfig.
[0426/194355:WARNING:dns_config_service_win.cc(674)] Failed to read DnsConfig.
[0426/194400:WARNING:dns_config_service_win.cc(674)] Failed to read DnsConfig.
[0426/194405:WARNING:dns_config_service_win.cc(674)] Failed to read DnsConfig.
[0426/194410:WARNING:dns_config_service_win.cc(674)] Failed to read DnsConfig.
[0426/194415:WARNING:dns_config_service_win.cc(674)] Failed to read DnsConfig.
[0426/194420:WARNING:dns_config_service_win.cc(674)] Failed to read DnsConfig.
[0426/194425:WARNING:dns_config_service_win.cc(674)] Failed to read DnsConfig.
[0426/194430:WARNING:dns_config_service_win.cc(674)] Failed to read DnsConfig.
[0426/194435:WARNING:dns_config_service_win.cc(674)] Failed to read DnsConfig.
[0426/194440:WARNING:dns_config_service_win.cc(674)] Failed to read DnsConfig.
[0426/194445:WARNING:dns_config_service_win.cc(674)] Failed to read DnsConfig.
[0426/194450:WARNING:dns_config_service_win.cc(674)] Failed to read DnsConfig.
[0426/194455:WARNING:dns_config_service_win.cc(674)] Failed to read DnsConfig.
[0426/194500:WARNING:dns_config_service_win.cc(674)] Failed to read DnsConfig.
[0426/194505:WARNING:dns_config_service_win.cc(674)] Failed to read DnsConfig.
[0426/194510:WARNING:dns_config_service_win.cc(674)] Failed to read DnsConfig.
[0426/194515:WARNING:dns_config_service_win.cc(674)] Failed to read DnsConfig.
[0426/194520:WARNING:dns_config_service_win.cc(674)] Failed to read DnsConfig.
[0426/194525:WARNING:dns_config_service_win.cc(674)] Failed to read DnsConfig.
[0426/194530:WARNING:dns_config_service_win.cc(674)] Failed to read DnsConfig.
[0426/194535:WARNING:dns_config_service_win.cc(674)] Failed to read DnsConfig.
[0426/194540:WARNING:dns_config_service_win.cc(674)] Failed to read DnsConfig.
[0426/194545:WARNING:dns_config_service_win.cc(674)] Failed to read DnsConfig.
[0426/194550:WARNING:dns_config_service_win.cc(674)] Failed to read DnsConfig.
[0426/194555:WARNING:dns_config_service_win.cc(674)] Failed to read DnsConfig.
[0426/194600:WARNING:dns_config_service_win.cc(674)] Failed to read DnsConfig.
[0426/194605:WARNING:dns_config_service_win.cc(674)] Failed to read DnsConfig.
[0426/194610:WARNING:dns_config_service_win.cc(674)] Failed to read DnsConfig.
[0426/194616:WARNING:dns_config_service_win.cc(674)] Failed to read DnsConfig.
[0426/194621:WARNING:dns_config_service_win.cc(674)] Failed to read DnsConfig.
[0426/194626:WARNING:dns_config_service_win.cc(674)] Failed to read DnsConfig.
[0426/194631:WARNING:dns_config_service_win.cc(674)] Failed to read DnsConfig.
[0426/195848:WARNING:url_request_job_manager.cc(89)] Failed to map: weixin://resourceid/blank
[0426/201230:WARNING:url_request_job_manager.cc(89)] Failed to map: weixin://resourceid/blank
[0426/224341:ERROR:ssl_client_socket_impl.cc(1141)] handshake failed; returned -1, SSL error code 1, net_error -103
[0426/224341:ERROR:ssl_client_socket_impl.cc(1141)] handshake failed; returned -1, SSL error code 1, net_error -103
[0426/224341:ERROR:ssl_client_socket_impl.cc(1141)] handshake failed; returned -1, SSL error code 1, net_error -103
[0426/224341:ERROR:ssl_client_socket_impl.cc(1141)] handshake failed; returned -1, SSL error code 1, net_error -103
[0426/224341:ERROR:ssl_client_socket_impl.cc(1141)] handshake failed; returned -1, SSL error code 1, net_error -103
[0427/111904:WARNING:dns_config_service_win.cc(674)] Failed to read DnsConfig.
[0427/111909:WARNING:dns_config_service_win.cc(674)] Failed to read DnsConfig.
[0427/111914:WARNING:dns_config_service_win.cc(674)] Failed to read DnsConfig.
[0427/111919:WARNING:dns_config_service_win.cc(674)] Failed to read DnsConfig.
[0427/111924:WARNING:dns_config_service_win.cc(674)] Failed to read DnsConfig.
[0427/111929:WARNING:dns_config_service_win.cc(674)] Failed to read DnsConfig.
[0427/111934:WARNING:dns_config_service_win.cc(674)] Failed to read DnsConfig.
[0427/111939:WARNING:dns_config_service_win.cc(674)] Failed to read DnsConfig.
[0427/111944:WARNING:dns_config_service_win.cc(674)] Failed to read DnsConfig.
[0427/111949:WARNING:dns_config_service_win.cc(674)] Failed to read DnsConfig.
[0427/111954:WARNING:dns_config_service_win.cc(674)] Failed to read DnsConfig.
[0427/111959:WARNING:dns_config_service_win.cc(674)] Failed to read DnsConfig.
[0427/112004:WARNING:dns_config_service_win.cc(674)] Failed to read DnsConfig.
[0427/112009:WARNING:dns_config_service_win.cc(674)] Failed to read DnsConfig.
[0427/112014:WARNING:dns_config_service_win.cc(674)] Failed to read DnsConfig.
[0427/112019:WARNING:dns_config_service_win.cc(674)] Failed to read DnsConfig.
[0427/112630:WARNING:dns_config_service_win.cc(674)] Failed to read DnsConfig.
[0427/112635:WARNING:dns_config_service_win.cc(674)] Failed to read DnsConfig.
[0427/112640:WARNING:dns_config_service_win.cc(674)] Failed to read DnsConfig.
[0427/112645:WARNING:dns_config_service_win.cc(674)] Failed to read DnsConfig.
[0427/112650:WARNING:dns_config_service_win.cc(674)] Failed to read DnsConfig.
[0427/112655:WARNING:dns_config_service_win.cc(674)] Failed to read DnsConfig.
[0427/112700:WARNING:dns_config_service_win.cc(674)] Failed to read DnsConfig.
[0427/112705:WARNING:dns_config_service_win.cc(674)] Failed to read DnsConfig.
[0427/112710:WARNING:dns_config_service_win.cc(674)] Failed to read DnsConfig.
[0427/112715:WARNING:dns_config_service_win.cc(674)] Failed to read DnsConfig.
[0427/112720:WARNING:dns_config_service_win.cc(674)] Failed to read DnsConfig.
[0427/112725:WARNING:dns_config_service_win.cc(674)] Failed to read DnsConfig.
[0427/112730:WARNING:dns_config_service_win.cc(674)] Failed to read DnsConfig.
[0427/112735:WARNING:dns_config_service_win.cc(674)] Failed to read DnsConfig.
[0427/112740:WARNING:dns_config_service_win.cc(674)] Failed to read DnsConfig.
[0427/112745:WARNING:dns_config_service_win.cc(674)] Failed to read DnsConfig.
[0427/112750:WARNING:dns_config_service_win.cc(674)] Failed to read DnsConfig.
[0427/112755:WARNING:dns_config_service_win.cc(674)] Failed to read DnsConfig.
[0427/112800:WARNING:dns_config_service_win.cc(674)] Failed to read DnsConfig.
[0427/112805:WARNING:dns_config_service_win.cc(674)] Failed to read DnsConfig.
[0427/112810:WARNING:dns_config_service_win.cc(674)] Failed to read DnsConfig.
[0427/112815:WARNING:dns_config_service_win.cc(674)] Failed to read DnsConfig.
[0427/112820:WARNING:dns_config_service_win.cc(674)] Failed to read DnsConfig.
[0427/112825:WARNING:dns_config_service_win.cc(674)] Failed to read DnsConfig.
[0427/112830:WARNING:dns_config_service_win.cc(674)] Failed to read DnsConfig.
[0427/112835:WARNING:dns_config_service_win.cc(674)] Failed to read DnsConfig.
[0427/112840:WARNING:dns_config_service_win.cc(674)] Failed to read DnsConfig.
[0427/112845:WARNING:dns_config_service_win.cc(674)] Failed to read DnsConfig.
[0427/123813:WARNING:dns_config_service_win.cc(674)] Failed to read DnsConfig.
[0427/123818:WARNING:dns_config_service_win.cc(674)] Failed to read DnsConfig.
[0427/123823:WARNING:dns_config_service_win.cc(674)] Failed to read DnsConfig.
[0427/123828:WARNING:dns_config_service_win.cc(674)] Failed to read DnsConfig.
[0427/123833:WARNING:dns_config_service_win.cc(674)] Failed to read DnsConfig.
[0427/123838:WARNING:dns_config_service_win.cc(674)] Failed to read DnsConfig.
[0427/123843:WARNING:dns_config_service_win.cc(674)] Failed to read DnsConfig.
[0427/123848:WARNING:dns_config_service_win.cc(674)] Failed to read DnsConfig.
[0427/123853:WARNING:dns_config_service_win.cc(674)] Failed to read DnsConfig.
[0427/123858:WARNING:dns_config_service_win.cc(674)] Failed to read DnsConfig.
[0427/123903:WARNING:dns_config_service_win.cc(674)] Failed to read DnsConfig.
[0427/123908:WARNING:dns_config_service_win.cc(674)] Failed to read DnsConfig.
[0427/123913:WARNING:dns_config_service_win.cc(674)] Failed to read DnsConfig.
[0427/123918:WARNING:dns_config_service_win.cc(674)] Failed to read DnsConfig.
[0427/123923:WARNING:dns_config_service_win.cc(674)] Failed to read DnsConfig.
[0427/123928:WARNING:dns_config_service_win.cc(674)] Failed to read DnsConfig.
[0427/123933:WARNING:dns_config_service_win.cc(674)] Failed to read DnsConfig.
[0427/123938:WARNING:dns_config_service_win.cc(674)] Failed to read DnsConfig.
[0427/123943:WARNING:dns_config_service_win.cc(674)] Failed to read DnsConfig.
[0427/123948:WARNING:dns_config_service_win.cc(674)] Failed to read DnsConfig.
[0427/123953:WARNING:dns_config_service_win.cc(674)] Failed to read DnsConfig.
[0427/123958:WARNING:dns_config_service_win.cc(674)] Failed to read DnsConfig.
[0427/124003:WARNING:dns_config_service_win.cc(674)] Failed to read DnsConfig.
[0427/124008:WARNING:dns_config_service_win.cc(674)] Failed to read DnsConfig.
[0427/124013:WARNING:dns_config_service_win.cc(674)] Failed to read DnsConfig.
[0427/124018:WARNING:dns_config_service_win.cc(674)] Failed to read DnsConfig.
[0427/124023:WARNING:dns_config_service_win.cc(674)] Failed to read DnsConfig.
[0427/124028:WARNING:dns_config_service_win.cc(674)] Failed to read DnsConfig.
[0427/124033:WARNING:dns_config_service_win.cc(674)] Failed to read DnsConfig.
[0427/124038:WARNING:dns_config_service_win.cc(674)] Failed to read DnsConfig.
[0427/124043:WARNING:dns_config_service_win.cc(674)] Failed to read DnsConfig.
[0427/124048:WARNING:dns_config_service_win.cc(674)] Failed to read DnsConfig.
[0427/124053:WARNING:dns_config_service_win.cc(674)] Failed to read DnsConfig.
[0427/124058:WARNING:dns_config_service_win.cc(674)] Failed to read DnsConfig.
[0427/124103:WARNING:dns_config_service_win.cc(674)] Failed to read DnsConfig.
[0427/124108:WARNING:dns_config_service_win.cc(674)] Failed to read DnsConfig.
[0427/124113:WARNING:dns_config_service_win.cc(674)] Failed to read DnsConfig.
[0427/124118:WARNING:dns_config_service_win.cc(674)] Failed to read DnsConfig.
[0427/124124:WARNING:dns_config_service_win.cc(674)] Failed to read DnsConfig.
[0427/124129:WARNING:dns_config_service_win.cc(674)] Failed to read DnsConfig.
[0427/124134:WARNING:dns_config_service_win.cc(674)] Failed to read DnsConfig.
[0427/124139:WARNING:dns_config_service_win.cc(674)] Failed to read DnsConfig.
[0427/124144:WARNING:dns_config_service_win.cc(674)] Failed to read DnsConfig.
[0427/124149:WARNING:dns_config_service_win.cc(674)] Failed to read DnsConfig.
[0427/124154:WARNING:dns_config_service_win.cc(674)] Failed to read DnsConfig.
[0427/124159:WARNING:dns_config_service_win.cc(674)] Failed to read DnsConfig.
[0427/124204:WARNING:dns_config_service_win.cc(674)] Failed to read DnsConfig.
[0427/124209:WARNING:dns_config_service_win.cc(674)] Failed to read DnsConfig.
[0427/124214:WARNING:dns_config_service_win.cc(674)] Failed to read DnsConfig.
[0427/124219:WARNING:dns_config_service_win.cc(674)] Failed to read DnsConfig.
[0427/124224:WARNING:dns_config_service_win.cc(674)] Failed to read DnsConfig.
[0427/124229:WARNING:dns_config_service_win.cc(674)] Failed to read DnsConfig.
[0427/124234:WARNING:dns_config_service_win.cc(674)] Failed to read DnsConfig.
[0427/124239:WARNING:dns_config_service_win.cc(674)] Failed to read DnsConfig.
[0427/124244:WARNING:dns_config_service_win.cc(674)] Failed to read DnsConfig.
[0427/124249:WARNING:dns_config_service_win.cc(674)] Failed to read DnsConfig.
[0427/124254:WARNING:dns_config_service_win.cc(674)] Failed to read DnsConfig.
[0427/124259:WARNING:dns_config_service_win.cc(674)] Failed to read DnsConfig.
[0427/124304:WARNING:dns_config_service_win.cc(674)] Failed to read DnsConfig.
[0427/124309:WARNING:dns_config_service_win.cc(674)] Failed to read DnsConfig.
[0427/124314:WARNING:dns_config_service_win.cc(674)] Failed to read DnsConfig.
[0427/124319:WARNING:dns_config_service_win.cc(674)] Failed to read DnsConfig.
[0427/124324:WARNING:dns_config_service_win.cc(674)] Failed to read DnsConfig.
[0427/124329:WARNING:dns_config_service_win.cc(674)] Failed to read DnsConfig.
[0427/124334:WARNING:dns_config_service_win.cc(674)] Failed to read DnsConfig.
[0427/124339:WARNING:dns_config_service_win.cc(674)] Failed to read DnsConfig.
[0427/124344:WARNING:dns_config_service_win.cc(674)] Failed to read DnsConfig.
[0427/124349:WARNING:dns_config_service_win.cc(674)] Failed to read DnsConfig.
[0427/124354:WARNING:dns_config_service_win.cc(674)] Failed to read DnsConfig.
[0427/130435:WARNING:url_request_job_manager.cc(89)] Failed to map: weixin://resourceid/blank
[0427/130624:WARNING:url_request_job_manager.cc(89)] Failed to map: weixin://resourceid/blank
[0427/135445:WARNING:url_request_job_manager.cc(89)] Failed to map: weixin://resourceid/blank
[0427/140148:WARNING:dns_config_service_win.cc(674)] Failed to read DnsConfig.
[0427/140153:WARNING:dns_config_service_win.cc(674)] Failed to read DnsConfig.
[0427/140158:WARNING:dns_config_service_win.cc(674)] Failed to read DnsConfig.
[0427/140203:WARNING:dns_config_service_win.cc(674)] Failed to read DnsConfig.
[0427/140208:WARNING:dns_config_service_win.cc(674)] Failed to read DnsConfig.
[0427/140213:WARNING:dns_config_service_win.cc(674)] Failed to read DnsConfig.
[0427/140218:WARNING:dns_config_service_win.cc(674)] Failed to read DnsConfig.
[0427/140223:WARNING:dns_config_service_win.cc(674)] Failed to read DnsConfig.
[0427/140228:WARNING:dns_config_service_win.cc(674)] Failed to read DnsConfig.
[0427/140233:WARNING:dns_config_service_win.cc(674)] Failed to read DnsConfig.
[0427/140238:WARNING:dns_config_service_win.cc(674)] Failed to read DnsConfig.
[0427/140243:WARNING:dns_config_service_win.cc(674)] Failed to read DnsConfig.
[0427/140248:WARNING:dns_config_service_win.cc(674)] Failed to read DnsConfig.
[0427/140253:WARNING:dns_config_service_win.cc(674)] Failed to read DnsConfig.
[0427/140258:WARNING:dns_config_service_win.cc(674)] Failed to read DnsConfig.
[0427/140303:WARNING:dns_config_service_win.cc(674)] Failed to read DnsConfig.
[0427/140308:WARNING:dns_config_service_win.cc(674)] Failed to read DnsConfig.
[0427/140313:WARNING:dns_config_service_win.cc(674)] Failed to read DnsConfig.
[0427/140318:WARNING:dns_config_service_win.cc(674)] Failed to read DnsConfig.
[0427/140323:WARNING:dns_config_service_win.cc(674)] Failed to read DnsConfig.
[0427/140328:WARNING:dns_config_service_win.cc(674)] Failed to read DnsConfig.
[0427/140333:WARNING:dns_config_service_win.cc(674)] Failed to read DnsConfig.
[0427/140338:WARNING:dns_config_service_win.cc(674)] Failed to read DnsConfig.
[0427/140343:WARNING:dns_config_service_win.cc(674)] Failed to read DnsConfig.
[0427/140348:WARNING:dns_config_service_win.cc(674)] Failed to read DnsConfig.
[0427/140353:WARNING:dns_config_service_win.cc(674)] Failed to read DnsConfig.
[0427/140358:WARNING:dns_config_service_win.cc(674)] Failed to read DnsConfig.
[0427/140403:WARNING:dns_config_service_win.cc(674)] Failed to read DnsConfig.
[0427/152733:WARNING:url_request_job_manager.cc(89)] Failed to map: weixin://resourceid/blank
[0427/161017:WARNING:url_request_job_manager.cc(89)] Failed to map: weixin://resourceid/blank
[0427/165928:WARNING:url_request_job_manager.cc(89)] Failed to map: weixin://resourceid/blank
[0427/165930:WARNING:spdy_session.cc(2455)] Received HEADERS for invalid stream 1
[0427/200607:WARNING:url_request_job_manager.cc(89)] Failed to map: weixin://resourceid/blank
[0427/204435:WARNING:url_request_job_manager.cc(89)] Failed to map: weixin://resourceid/blank
[0428/093708:WARNING:dns_config_service_win.cc(674)] Failed to read DnsConfig.
[0428/214836:ERROR:ssl_client_socket_impl.cc(1141)] handshake failed; returned -1, SSL error code 1, net_error -100
[0428/214836:ERROR:ssl_client_socket_impl.cc(1141)] handshake failed; returned -1, SSL error code 1, net_error -100
[0428/214838:ERROR:ssl_client_socket_impl.cc(1141)] handshake failed; returned -1, SSL error code 1, net_error -100
[0428/214838:ERROR:ssl_client_socket_impl.cc(1141)] handshake failed; returned -1, SSL error code 1, net_error -100
[0428/214838:ERROR:ssl_client_socket_impl.cc(1141)] handshake failed; returned -1, SSL error code 1, net_error -100
[0428/214838:ERROR:ssl_client_socket_impl.cc(1141)] handshake failed; returned -1, SSL error code 1, net_error -100
[0428/214838:ERROR:ssl_client_socket_impl.cc(1141)] handshake failed; returned -1, SSL error code 1, net_error -100
[0428/214838:ERROR:ssl_client_socket_impl.cc(1141)] handshake failed; returned -1, SSL error code 1, net_error -100
[0428/222156:ERROR:ssl_client_socket_impl.cc(1141)] handshake failed; returned -1, SSL error code 1, net_error -100
[0428/222156:ERROR:ssl_client_socket_impl.cc(1141)] handshake failed; returned -1, SSL error code 1, net_error -100
[0428/222215:WARNING:url_request_job_manager.cc(89)] Failed to map: weixin://resourceid/blank
[0429/163006:WARNING:url_request_job_manager.cc(89)] Failed to map: weixin://resourceid/blank
[0429/163011:ERROR:ssl_client_socket_impl.cc(1141)] handshake failed; returned -1, SSL error code 1, net_error -100
[0429/163011:ERROR:ssl_client_socket_impl.cc(1141)] handshake failed; returned -1, SSL error code 1, net_error -103
[0429/163020:WARNING:url_request_job_manager.cc(89)] Failed to map: weixin://resourceid/blank
[0429/163138:ERROR:ssl_client_socket_impl.cc(1141)] handshake failed; returned -1, SSL error code 1, net_error -103
[0429/163139:WARNING:url_request_job_manager.cc(89)] Failed to map: weixin://resourceid/blank
[0429/170254:WARNING:url_request_job_manager.cc(89)] Failed to map: weixin://resourceid/blank
[0505/191009:WARNING:dns_config_service_win.cc(674)] Failed to read DnsConfig.
[0505/191012:WARNING:dns_config_service_win.cc(674)] Failed to read DnsConfig.
[0505/191015:WARNING:dns_config_service_win.cc(674)] Failed to read DnsConfig.
[0505/191019:WARNING:dns_config_service_win.cc(674)] Failed to read DnsConfig.
[0505/191020:WARNING:dns_config_service_win.cc(674)] Failed to read DnsConfig.
[0505/191021:WARNING:dns_config_service_win.cc(674)] Failed to read DnsConfig.
[0505/191024:WARNING:dns_config_service_win.cc(674)] Failed to read DnsConfig.
[0505/191025:WARNING:dns_config_service_win.cc(674)] Failed to read DnsConfig.
[0505/191027:WARNING:dns_config_service_win.cc(674)] Failed to read DnsConfig.
[0505/191029:WARNING:dns_config_service_win.cc(674)] Failed to read DnsConfig.
[0505/191045:WARNING:dns_config_service_win.cc(674)] Failed to read DnsConfig.
[0505/191048:WARNING:dns_config_service_win.cc(674)] Failed to read DnsConfig.
[0505/191051:WARNING:dns_config_service_win.cc(674)] Failed to read DnsConfig.
[0505/192512:WARNING:dns_config_service_win.cc(674)] Failed to read DnsConfig.
[0506/094205:WARNING:url_request_job_manager.cc(89)] Failed to map: weixin://resourceid/blank
[0507/174110:WARNING:url_request_job_manager.cc(89)] Failed to map: weixin://resourceid/blank
